<?xml version="1.0" encoding="UTF-8"?>
<testsuite name="SILab2Test" tests="2" skipped="0" failures="0" errors="0" timestamp="2023-02-01T20:20:37" hostname="MCVETANOVSKA" time="0.046">
  <properties/>
  <testcase name="everyStatement_203037()" classname="SILab2Test" time="0.042"/>
  <testcase name="everyBranch_203037()" classname="SILab2Test" time="0.002"/>
  <system-out><![CDATA[]]></system-out>
  <system-err><![CDATA[]]></system-err>
</testsuite>
